[2024-07-05 16:25:57 - api_methods.py:21 - get_lat_long() -INFO - grabbing latitude and longitude from openstreetmap
[2024-07-05 16:25:58 - api_methods.py:32 - get_lat_long() -ERROR - unable to get coords for address 4429 S. Old Missouri Rd, Springdale, AR 72764, bad response code
[2024-07-05 16:25:58 - forecast_service.py:31 - get_lat_long() -ERROR - unable to get lat & long from open street maps
[2024-07-05 16:28:35 - api_methods.py:21 - get_lat_long() -INFO - grabbing latitude and longitude from openstreetmap
[2024-07-05 16:28:35 - api_methods.py:32 - get_lat_long() -ERROR - unable to get coords for address 4429 S. Old Missouri Rd Springdale, AR 72764, bad response code
[2024-07-05 16:28:35 - forecast_service.py:31 - get_lat_long() -ERROR - unable to get lat & long from open street maps
[2024-07-05 16:30:12 - api_methods.py:21 - get_lat_long() -INFO - grabbing latitude and longitude from openstreetmap
[2024-07-05 16:30:13 - api_methods.py:32 - get_lat_long() -ERROR - unable to get coords for address 5612 Hawthorne Rd Little Rock AR 72207, bad response code
[2024-07-05 16:30:13 - forecast_service.py:31 - get_lat_long() -ERROR - unable to get lat & long from open street maps
[2024-07-05 16:36:07 - api_methods.py:21 - get_lat_long() -INFO - grabbing latitude and longitude from openstreetmap
[2024-07-05 16:36:08 - api_methods.py:33 - get_lat_long() -ERROR - unable to get coords for address 4429 S. Old Missouri Rd, bad response code
[2024-07-05 16:36:08 - forecast_service.py:31 - get_lat_long() -ERROR - unable to get lat & long from open street maps
[2024-07-05 16:45:57 - api_methods.py:24 - get_lat_long() -INFO - grabbing latitude and longitude from openstreetmap
[2024-07-08 12:58:25 - api_methods.py:22 - get_lat_long() -INFO - grabbing latitude and longitude from openstreetmap
[2024-07-08 12:59:41 - api_methods.py:22 - get_lat_long() -INFO - grabbing latitude and longitude from openstreetmap
[2024-07-08 12:59:42 - forecast_service.py:13 - get_forecast_data() -INFO - retrieving forecast data
[2024-07-08 12:59:42 - api_methods.py:51 - retrieve_forecast() -INFO - attempting to get sunrise/sunset times from visualcrossing
[2024-07-08 12:59:42 - api_methods.py:56 - retrieve_forecast() -INFO - succesffuly retireved sunrise/sunset times
[2024-07-08 15:41:21 - forecast_service.py:76 - get_lat_long() -INFO - Retrieving user's lat/lon from their address string.
[2024-07-08 15:41:21 - api_methods.py:22 - get_lat_long() -INFO - grabbing latitude and longitude from openstreetmap
[2024-07-08 15:41:22 - forecast_service.py:29 - get_forecast_data() -INFO - attempting to get forecast data
[2024-07-08 15:41:22 - api_methods.py:51 - retrieve_forecast() -INFO - attempting to get sunrise/sunset times from visualcrossing
[2024-07-08 15:41:22 - api_methods.py:56 - retrieve_forecast() -INFO - succesffuly retireved sunrise/sunset times
[2024-07-08 15:41:22 - forecast_service.py:61 - get_forecast_data() -INFO - Successfully gathered relevant forecast data.
[2024-07-08 15:43:27 - forecast_service.py:76 - get_lat_long() -INFO - Retrieving user's lat/lon from their address string.
[2024-07-08 15:43:27 - api_methods.py:22 - get_lat_long() -INFO - grabbing latitude and longitude from openstreetmap
[2024-07-08 15:43:28 - api_methods.py:30 - get_lat_long() -ERROR - unable to get coords for address 459 N Campus Walk, Fayetteville, AR 72701
[2024-07-08 15:43:28 - forecast_service.py:79 - get_lat_long() -ERROR - unable to get lat & long from open street maps
[2024-07-08 15:44:59 - forecast_service.py:76 - get_lat_long() -INFO - Retrieving user's lat/lon from their address string.
[2024-07-08 15:44:59 - api_methods.py:22 - get_lat_long() -INFO - grabbing latitude and longitude from openstreetmap
[2024-07-08 15:45:00 - forecast_service.py:29 - get_forecast_data() -INFO - attempting to get forecast data
[2024-07-08 15:45:00 - api_methods.py:51 - retrieve_forecast() -INFO - attempting to get sunrise/sunset times from visualcrossing
[2024-07-08 15:45:01 - api_methods.py:56 - retrieve_forecast() -INFO - succesffuly retireved sunrise/sunset times
[2024-07-08 15:45:01 - forecast_service.py:61 - get_forecast_data() -INFO - Successfully gathered relevant forecast data.
[2024-07-08 15:49:03 - forecast_service.py:76 - get_lat_long() -INFO - Retrieving user's lat/lon from their address string.
[2024-07-08 15:49:03 - api_methods.py:22 - get_lat_long() -INFO - grabbing latitude and longitude from openstreetmap
[2024-07-08 15:49:04 - forecast_service.py:29 - get_forecast_data() -INFO - attempting to get forecast data
[2024-07-08 15:49:04 - api_methods.py:51 - retrieve_forecast() -INFO - attempting to get sunrise/sunset times from visualcrossing
[2024-07-08 15:49:04 - api_methods.py:56 - retrieve_forecast() -INFO - succesffuly retireved sunrise/sunset times
[2024-07-08 15:49:04 - forecast_service.py:61 - get_forecast_data() -INFO - Successfully gathered relevant forecast data.
